[2026-07-07 07:33:26.776] [INFO ] ══════ DIVINE BPO v16.0 STARTING ══════
[2026-07-07 07:33:26.776] [INFO ] Logging system active
[2026-07-07 07:33:26.778] [INFO ] Config loaded: 13 keys
[2026-07-07 07:33:34.576] [INFO ] Auth: VALID
[2026-07-07 07:33:34.577] [INFO ] ══════ PROCESSING TICKETS ══════
[2026-07-07 07:34:29.729] [INFO ] ══════ RESULTS ══════
[2026-07-07 07:34:29.729] [INFO ] Tickets: 8 | AI: 7 | Human: 1 | Failed: 0
[2026-07-07 07:34:29.729] [INFO ] SQLite: 32 persisted
[2026-07-07 07:34:29.729] [INFO ] GRC: 9 blocks | VALID
[2026-07-07 07:34:29.729] [INFO ] Log file: divine_bpo.log | Backups: backups/
[2026-07-07 07:34:29.729] [INFO ] Dashboard: http://localhost:8092
[2026-07-07 07:34:29.729] [INFO ] API Docs: http://localhost:8092/api_docs.html
[2026-07-07 07:34:29.729] [INFO ] ══════ RUNNING ══════
[2026-07-07 07:34:29.729] [INFO ] Press Ctrl+C to stop
[2026-07-07 07:34:50.394] [INFO ] ══════ SHUTTING DOWN ══════
[2026-07-07 07:34:50.396] [INFO ] Stopped. All data persisted. Backups saved.
[2026-07-07 07:36:18.447] [INFO ] ══════ DIVINE BPO v17.0 — PRODUCTION FINAL ══════
[2026-07-07 07:36:32.779] [INFO ] Systems: SQLite | Auth | Swarm | GRC | Network | TLS | Backup | Notify
[2026-07-07 07:36:32.779] [INFO ] Dashboard: http://localhost:8092
[2026-07-07 07:36:32.779] [INFO ] API Docs: http://localhost:8092/api_docs.html
[2026-07-07 07:36:32.779] [INFO ] ══════ PROCESSING 8 TICKETS ══════
[2026-07-07 07:37:27.550] [INFO ] ══════ RESULTS ══════
[2026-07-07 07:37:27.550] [INFO ] Tickets: 8 | AI: 7 | Human: 1
[2026-07-07 07:37:27.550] [INFO ] All systems operational. Press Ctrl+C to stop.
[2026-07-07 07:38:16.629] [INFO ] ══════ SHUTDOWN ══════
[2026-07-07 07:38:16.649] [INFO ] Stopped. Data persisted. Backups saved.
